WARNING:AstToEcoreConverter:skipped: D:/classifyhub_dataset_repos/homeworks\a_berezovsky\hw6\hw5_solution1.py
WARNING:AstToEcoreConverter:skipped: D:/classifyhub_dataset_repos/homeworks\a_kopitsa\hw1\task9.py
WARNING:AstToEcoreConverter:skipped: D:/classifyhub_dataset_repos/homeworks\m_smirnitskaya\dz-1-checked\4.py
WARNING:AstToEcoreConverter:skipped: D:/classifyhub_dataset_repos/homeworks\m_smirnitskaya\hw1\4.py
WARNING:AstToEcoreConverter:skipped: D:/classifyhub_dataset_repos/homeworks\s_gaponenko\hw2\3.py
WARNING:AstToEcoreConverter:skipped: D:/classifyhub_dataset_repos/TeamMe\venv\lib\python2.7\abc.py
WARNING:AstToEcoreConverter:skipped: D:/classifyhub_dataset_repos/TeamMe\venv\lib\python2.7\codecs.py
WARNING:AstToEcoreConverter:skipped: D:/classifyhub_dataset_repos/TeamMe\venv\lib\python2.7\copy_reg.py
WARNING:AstToEcoreConverter:skipped: D:/classifyhub_dataset_repos/TeamMe\venv\lib\python2.7\fnmatch.py
WARNING:AstToEcoreConverter:skipped: D:/classifyhub_dataset_repos/TeamMe\venv\lib\python2.7\genericpath.py
WARNING:AstToEcoreConverter:skipped: D:/classifyhub_dataset_repos/TeamMe\venv\lib\python2.7\linecache.py
WARNING:AstToEcoreConverter:skipped: D:/classifyhub_dataset_repos/TeamMe\venv\lib\python2.7\locale.py
WARNING:AstToEcoreConverter:skipped: D:/classifyhub_dataset_repos/TeamMe\venv\lib\python2.7\ntpath.py
WARNING:AstToEcoreConverter:skipped: D:/classifyhub_dataset_repos/TeamMe\venv\lib\python2.7\os.py
WARNING:AstToEcoreConverter:skipped: D:/classifyhub_dataset_repos/TeamMe\venv\lib\python2.7\posixpath.py
WARNING:AstToEcoreConverter:skipped: D:/classifyhub_dataset_repos/TeamMe\venv\lib\python2.7\re.py
WARNING:AstToEcoreConverter:skipped: D:/classifyhub_dataset_repos/TeamMe\venv\lib\python2.7\sre.py
WARNING:AstToEcoreConverter:skipped: D:/classifyhub_dataset_repos/TeamMe\venv\lib\python2.7\sre_compile.py
WARNING:AstToEcoreConverter:skipped: D:/classifyhub_dataset_repos/TeamMe\venv\lib\python2.7\sre_constants.py
WARNING:AstToEcoreConverter:skipped: D:/classifyhub_dataset_repos/TeamMe\venv\lib\python2.7\sre_parse.py
WARNING:AstToEcoreConverter:skipped: D:/classifyhub_dataset_repos/TeamMe\venv\lib\python2.7\stat.py
WARNING:AstToEcoreConverter:skipped: D:/classifyhub_dataset_repos/TeamMe\venv\lib\python2.7\types.py
WARNING:AstToEcoreConverter:skipped: D:/classifyhub_dataset_repos/TeamMe\venv\lib\python2.7\UserDict.py
WARNING:AstToEcoreConverter:skipped: D:/classifyhub_dataset_repos/TeamMe\venv\lib\python2.7\warnings.py
WARNING:AstToEcoreConverter:skipped: D:/classifyhub_dataset_repos/TeamMe\venv\lib\python2.7\_abcoll.py
WARNING:AstToEcoreConverter:skipped: D:/classifyhub_dataset_repos/TeamMe\venv\lib\python2.7\_weakrefset.py
WARNING:AstToEcoreConverter:skipped: D:/classifyhub_dataset_repos/week2-hello-world\helloworld.py
WARNING:AstToEcoreConverter:skipped: D:/classifyhub_dataset_repos/linux-3.4-sunxi\tools\perf\scripts\python\Perf-Trace-Util\lib\Perf\Trace\SchedGui.py
WARNING:AstToEcoreConverter:skipped: D:/classifyhub_dataset_repos/cmssw\Calibration\EcalAlCaRecoProducers\test\nPU_mc.py
WARNING:AstToEcoreConverter:skipped: D:/classifyhub_dataset_repos/cmssw\Calibration\EcalAlCaRecoProducers\test\recHitsValidation.py
WARNING:AstToEcoreConverter:skipped: D:/classifyhub_dataset_repos/cmssw\Calibration\EcalAlCaRecoProducers\test\reRecoValidation.py
WARNING:AstToEcoreConverter:skipped: D:/classifyhub_dataset_repos/cmssw\CalibTracker\SiStripDCS\test\UltimateCFG_cfg.py
WARNING:AstToEcoreConverter:skipped: D:/classifyhub_dataset_repos/cmssw\CondCore\Utilities\scripts\fnget.py
WARNING:AstToEcoreConverter:skipped: D:/classifyhub_dataset_repos/cmssw\CondTools\RPC\test\writeRPCEMap2DB.py
WARNING:AstToEcoreConverter:skipped: D:/classifyhub_dataset_repos/gecko-dev\layout\style\ServoCSSPropList.mako.py
WARNING:AstToEcoreConverter:skipped: D:/classifyhub_dataset_repos/cmssw\Configuration\Generator\python\relval_generation_module.py
WARNING:AstToEcoreConverter:skipped: D:/classifyhub_dataset_repos/cmssw\DQM\CSCMonitorModule\test\csc-layouts.py
WARNING:AstToEcoreConverter:skipped: D:/classifyhub_dataset_repos/cmssw\DQM\CSCMonitorModule\test\shift_csc_layouts.py
WARNING:AstToEcoreConverter:skipped: D:/classifyhub_dataset_repos/cmssw\DQM\SiPixelCommon\test\client_template_calib_cfg.py
WARNING:AstToEcoreConverter:skipped: D:/classifyhub_dataset_repos/cmssw\DQM\SiPixelCommon\test\client_template_cfg.py
WARNING:AstToEcoreConverter:skipped: D:/classifyhub_dataset_repos/cmssw\DQM\SiPixelCommon\test\client_template_physics_cfg.py
WARNING:AstToEcoreConverter:skipped: D:/classifyhub_dataset_repos/cmssw\DQM\SiStripMonitorHardware\test\spyFEDEmulator_cfg.py
WARNING:AstToEcoreConverter:skipped: D:/classifyhub_dataset_repos/cmssw\DQMOffline\EGamma\test\PhotonAnalyzer_cfg.py
WARNING:AstToEcoreConverter:skipped: D:/classifyhub_dataset_repos/cmssw\FastSimulation\MaterialEffects\test\NITemplate_cfg.py
WARNING:AstToEcoreConverter:skipped: D:/classifyhub_dataset_repos/cmssw\FastSimulation\MaterialEffects\test\testNuclearInteractions_cfg.py
WARNING:AstToEcoreConverter:skipped: D:/classifyhub_dataset_repos/cmssw\FastSimulation\Tracking\test\SinglePionFastSimPR_cfg.py
WARNING:AstToEcoreConverter:skipped: D:/classifyhub_dataset_repos/cmssw\FWCore\GuiBrowsers\python\HTMLExport.py
WARNING:AstToEcoreConverter:skipped: D:/classifyhub_dataset_repos/cmssw\FWCore\Skeletons\scripts\mkTemplates\EDAnalyzer\ConfFile_cfg.py
WARNING:AstToEcoreConverter:skipped: D:/classifyhub_dataset_repos/cmssw\FWCore\Skeletons\scripts\mkTemplates\EDProducer\ConfFile_cfg.py
WARNING:AstToEcoreConverter:skipped: D:/classifyhub_dataset_repos/gecko-dev\third_party\python\chardet\chardet\langbulgarianmodel.py
WARNING:AstToEcoreConverter:skipped: D:/classifyhub_dataset_repos/gecko-dev\third_party\python\chardet\chardet\langgreekmodel.py
WARNING:AstToEcoreConverter:skipped: D:/classifyhub_dataset_repos/gecko-dev\third_party\python\pip\pip\_vendor\chardet\langbulgarianmodel.py
WARNING:AstToEcoreConverter:skipped: D:/classifyhub_dataset_repos/gecko-dev\third_party\python\pip\pip\_vendor\chardet\langgreekmodel.py
WARNING:AstToEcoreConverter:skipped: D:/classifyhub_dataset_repos/gecko-dev\third_party\python\pip\pip\_vendor\chardet\langrussianmodel.py
WARNING:AstToEcoreConverter:skipped: D:/classifyhub_dataset_repos/gecko-dev\third_party\python\ply\example\unicalc\calc.py
WARNING:AstToEcoreConverter:skipped: D:/classifyhub_dataset_repos/gecko-dev\third_party\rust\uniffi_bindgen\src\bindings\python\templates\Async.py
WARNING:AstToEcoreConverter:skipped: D:/classifyhub_dataset_repos/gecko-dev\third_party\rust\uniffi_bindgen\src\bindings\python\templates\CallbackInterfaceImpl.py
WARNING:AstToEcoreConverter:skipped: D:/classifyhub_dataset_repos/gecko-dev\third_party\rust\uniffi_bindgen\src\bindings\python\templates\CallbackInterfaceTemplate.py
WARNING:AstToEcoreConverter:skipped: D:/classifyhub_dataset_repos/gecko-dev\third_party\rust\uniffi_bindgen\src\bindings\python\templates\CustomType.py
WARNING:AstToEcoreConverter:skipped: D:/classifyhub_dataset_repos/gecko-dev\third_party\rust\uniffi_bindgen\src\bindings\python\templates\ErrorTemplate.py
WARNING:AstToEcoreConverter:skipped: D:/classifyhub_dataset_repos/gecko-dev\third_party\rust\uniffi_bindgen\src\bindings\python\templates\ExternalTemplate.py
WARNING:AstToEcoreConverter:skipped: D:/classifyhub_dataset_repos/gecko-dev\third_party\rust\uniffi_bindgen\src\bindings\python\templates\Helpers.py
WARNING:AstToEcoreConverter:skipped: D:/classifyhub_dataset_repos/gecko-dev\third_party\rust\uniffi_bindgen\src\bindings\python\templates\macros.py
WARNING:AstToEcoreConverter:skipped: D:/classifyhub_dataset_repos/gecko-dev\third_party\rust\uniffi_bindgen\src\bindings\python\templates\MapTemplate.py
WARNING:AstToEcoreConverter:skipped: D:/classifyhub_dataset_repos/gecko-dev\third_party\rust\uniffi_bindgen\src\bindings\python\templates\NamespaceLibraryTemplate.py
WARNING:AstToEcoreConverter:skipped: D:/classifyhub_dataset_repos/gecko-dev\third_party\rust\uniffi_bindgen\src\bindings\python\templates\ObjectTemplate.py
WARNING:AstToEcoreConverter:skipped: D:/classifyhub_dataset_repos/gecko-dev\third_party\rust\uniffi_bindgen\src\bindings\python\templates\OptionalTemplate.py
WARNING:AstToEcoreConverter:skipped: D:/classifyhub_dataset_repos/gecko-dev\third_party\rust\uniffi_bindgen\src\bindings\python\templates\Protocol.py
WARNING:AstToEcoreConverter:skipped: D:/classifyhub_dataset_repos/gecko-dev\third_party\rust\uniffi_bindgen\src\bindings\python\templates\RecordTemplate.py
WARNING:AstToEcoreConverter:skipped: D:/classifyhub_dataset_repos/gecko-dev\third_party\rust\uniffi_bindgen\src\bindings\python\templates\RustBufferTemplate.py
WARNING:AstToEcoreConverter:skipped: D:/classifyhub_dataset_repos/gecko-dev\third_party\rust\uniffi_bindgen\src\bindings\python\templates\SequenceTemplate.py
WARNING:AstToEcoreConverter:skipped: D:/classifyhub_dataset_repos/gecko-dev\third_party\rust\uniffi_bindgen\src\bindings\python\templates\TopLevelFunctionTemplate.py
WARNING:AstToEcoreConverter:skipped: D:/classifyhub_dataset_repos/gecko-dev\third_party\rust\uniffi_bindgen\src\bindings\python\templates\Types.py
WARNING:AstToEcoreConverter:skipped: D:/classifyhub_dataset_repos/gecko-dev\third_party\rust\uniffi_bindgen\src\bindings\python\templates\wrapper.py
WARNING:AstToEcoreConverter:skipped: D:/classifyhub_dataset_repos/gecko-dev\toolkit\components\translations\bergamot-translator\build-bergamot.py
WARNING:AstToEcoreConverter:skipped: D:/classifyhub_dataset_repos/cmssw\HLTrigger\HLTanalyzers\test\testHLTGetData_cfg.py
WARNING:AstToEcoreConverter:skipped: D:/classifyhub_dataset_repos/cmssw\HLTrigger\HLTanalyzers\test\RateEff\cfgs\2011cfgs\hltmenu_2e33From167281_cfg.py
WARNING:AstToEcoreConverter:skipped: D:/classifyhub_dataset_repos/cmssw\HLTrigger\HLTanalyzers\test\RateEff\cfgs\2011cfgs\hltmenu_3E33_From170354_cfg.py
WARNING:AstToEcoreConverter:skipped: D:/classifyhub_dataset_repos/cmssw\HLTrigger\HLTanalyzers\test\RateEff\cfgs\2011cfgs\hltmenu_From165970WithOpenHLT_cfg.py
WARNING:AstToEcoreConverter:skipped: D:/classifyhub_dataset_repos/cmssw\HLTrigger\HLTanalyzers\test\RateEff\cfgs\2011cfgs\hltmenu_From165970_cfg.py
WARNING:AstToEcoreConverter:skipped: D:/classifyhub_dataset_repos/cmssw\HLTrigger\HLTanalyzers\test\RateEff\cfgs\2011cfgs\hltmenu_From170354_cfg.py
WARNING:AstToEcoreConverter:skipped: D:/classifyhub_dataset_repos/cmssw\HLTrigger\HLTanalyzers\test\RateEff\cfgs\2011cfgs\hltmenu_From173236_cfg.py
WARNING:AstToEcoreConverter:skipped: D:/classifyhub_dataset_repos/cmssw\HLTrigger\HLTanalyzers\test\RateEff\cfgs\2011cfgs\hltmenu_From175921_cfg.py
WARNING:AstToEcoreConverter:skipped: D:/classifyhub_dataset_repos/cmssw\HLTrigger\HLTanalyzers\test\RateEff\cfgs\2011cfgs\hltmenu_From178479_cfg.py
WARNING:AstToEcoreConverter:skipped: D:/classifyhub_dataset_repos/cmssw\HLTrigger\HLTanalyzers\test\RateEff\cfgs\2011cfgs\hltmenu_r180250_BTagMu2012_cfg.py
WARNING:AstToEcoreConverter:skipped: D:/classifyhub_dataset_repos/cmssw\HLTrigger\HLTanalyzers\test\RateEff\cfgs\2011cfgs\hltmenu_r180250_cfg.py
WARNING:AstToEcoreConverter:skipped: D:/classifyhub_dataset_repos/cmssw\HLTrigger\HLTfilters\test\triggerResultsFilter_producer.py
WARNING:AstToEcoreConverter:skipped: D:/classifyhub_dataset_repos/cmssw\MuonAnalysis\MomentumScaleCalibration\test\MuScleFitGenFilter_cfg.py
WARNING:AstToEcoreConverter:skipped: D:/classifyhub_dataset_repos/cmssw\PhysicsTools\Heppy\test\crab\heppy_config.py
WARNING:AstToEcoreConverter:skipped: D:/classifyhub_dataset_repos/cmssw\PhysicsTools\PatAlgos\python\tools\jetTools.py
WARNING:AstToEcoreConverter:skipped: D:/classifyhub_dataset_repos/cmssw\PhysicsTools\PythonAnalysis\examples\interactiveExample.py
WARNING:AstToEcoreConverter:skipped: D:/classifyhub_dataset_repos/cmssw\PhysicsTools\PythonAnalysis\examples\MCTruth.py
WARNING:AstToEcoreConverter:skipped: D:/classifyhub_dataset_repos/cmssw\PhysicsTools\PythonAnalysis\examples\MCTruth2.py
WARNING:AstToEcoreConverter:skipped: D:/classifyhub_dataset_repos/cmssw\PhysicsTools\PythonAnalysis\examples\start.py
WARNING:AstToEcoreConverter:skipped: D:/classifyhub_dataset_repos/cmssw\PhysicsTools\PythonAnalysis\examples\trackerHits.py
WARNING:AstToEcoreConverter:skipped: D:/classifyhub_dataset_repos/cmssw\RecoHI\HiEvtPlaneAlgos\test\hievtplaneflat_cfg.py
WARNING:AstToEcoreConverter:skipped: D:/classifyhub_dataset_repos/cmssw\RecoLuminosity\LumiDB\python\connectstrParser.py
WARNING:AstToEcoreConverter:skipped: D:/classifyhub_dataset_repos/cmssw\RecoLuminosity\LumiDB\scripts\dumpTrg.py
WARNING:AstToEcoreConverter:skipped: D:/classifyhub_dataset_repos/cmssw\RecoLuminosity\LumiDB\test\testUnpackBlob.py
WARNING:AstToEcoreConverter:skipped: D:/classifyhub_dataset_repos/cmssw\SimCalorimetry\HcalSimAlgos\test\HcalDigitizerTest_cfg.py
WARNING:AstToEcoreConverter:skipped: D:/classifyhub_dataset_repos/cmssw\SimMuon\GEMDigitizer\test\runGEMDigiReader_cfg.py
WARNING:AstToEcoreConverter:skipped: D:/classifyhub_dataset_repos/cmssw\SimMuon\GEMDigitizer\test\runGEMPadDigiReader_cfg.py
WARNING:AstToEcoreConverter:skipped: D:/classifyhub_dataset_repos/cmssw\SimTracker\TrackerMaterialAnalysis\test\listIds.py
WARNING:AstToEcoreConverter:skipped: D:/classifyhub_dataset_repos/cmssw\Validation\RecoParticleFlow\test\QCDForPFFast_cfg.py
WARNING:AstToEcoreConverter:skipped: D:/classifyhub_dataset_repos/cmssw\Validation\RecoParticleFlow\test\ttbarFastSim_cfg.py
WARNING:AstToEcoreConverter:skipped: D:/classifyhub_dataset_repos/cmssw\Validation\RecoParticleFlow\test\ZTTFastSim_cfg.py
WARNING:AstToEcoreConverter:skipped: D:/classifyhub_dataset_repos/cmssw\Validation\TrackerConfiguration\test\Muon_FullChain_cfg.py
