2024-07-05 16:21:29,928 WARNING skipped: D:/new_repos/HandMesh\utils\progress\spinner.py
2024-07-05 16:40:10,310 WARNING skipped: D:/new_repos/HandMesh\utils\progress\spinner.py
2024-07-05 16:47:54,756 WARNING skipped: D:/new_repos/HandMesh\utils\progress\spinner.py
2024-07-05 16:54:35,773 WARNING skipped: D:/new_repos/HandMesh\utils\progress\spinner.py
2024-07-05 16:58:37,293 WARNING skipped: D:/new_repos/HandMesh\utils\progress\spinner.py
2024-07-05 16:59:38,862 WARNING skipped: D:/new_repos/HandMesh\utils\progress\spinner.py
2024-07-05 17:00:46,580 WARNING skipped: D:/new_repos/HandMesh\utils\progress\spinner.py
2024-07-05 17:01:23,701 WARNING skipped: D:/new_repos/HandMesh\utils\progress\spinner.py
2024-07-05 17:02:26,731 WARNING skipped: D:/new_repos/HandMesh\utils\progress\spinner.py
2024-07-05 17:10:23,014 WARNING skipped: D:/new_repos/HandMesh\utils\progress\spinner.py
2024-07-05 17:10:46,686 WARNING skipped: D:/new_repos/ContextualSP\logigan\pre-training\parameters16g_es_corpusb.py
2024-07-05 17:12:58,369 WARNING skipped: D:/new_repos/HandMesh\utils\progress\spinner.py
2024-07-05 17:14:21,010 WARNING skipped: D:/new_repos/HandMesh\utils\progress\spinner.py
2024-07-05 17:18:12,208 WARNING skipped: D:/new_repos/HandMesh\utils\progress\spinner.py
2024-07-05 17:37:06,765 WARNING skipped: D:/new_repos/HandMesh\utils\progress\spinner.py
2024-07-05 17:37:32,842 WARNING skipped: D:/new_repos/ContextualSP\logigan\pre-training\parameters16g_es_corpusb.py
2024-07-05 17:38:12,108 WARNING skipped: D:/new_repos/CommonGen\methods\const-levt\constrained-levt\fairseq_cli\eval_lm.py
2024-07-05 17:38:12,112 WARNING skipped: D:/new_repos/CommonGen\methods\const-levt\constrained-levt\fairseq_cli\generate.py
2024-07-05 17:38:12,115 WARNING skipped: D:/new_repos/CommonGen\methods\const-levt\constrained-levt\fairseq_cli\interactive.py
2024-07-05 17:38:12,118 WARNING skipped: D:/new_repos/CommonGen\methods\const-levt\constrained-levt\fairseq_cli\preprocess.py
2024-07-05 17:38:12,120 WARNING skipped: D:/new_repos/CommonGen\methods\const-levt\constrained-levt\fairseq_cli\score.py
2024-07-05 17:38:12,121 WARNING skipped: D:/new_repos/CommonGen\methods\const-levt\constrained-levt\fairseq_cli\setup.py
2024-07-05 17:38:12,125 WARNING skipped: D:/new_repos/CommonGen\methods\const-levt\constrained-levt\fairseq_cli\train.py
